<?xml version="1.0" encoding="UTF-8"?>
<testsuite xmlns:xsi="http://www.w3.org/2001/XMLSchema-instance" xsi:noNamespaceSchemaLocation="https://maven.apache.org/surefire/maven-failsafe-plugin/xsd/failsafe-test-report-3.0.xsd" version="3.0" name="Runner.CucumberTestSuite" time="10.704" tests="1" errors="0" skipped="0" failures="0">
  <properties>
[...]
</properties>
  <testcase name="Validate netflix" classname="Netflix" time="9.291">
    <system-out><![CDATA[02:23:26.879 [main] DEBUG net.thucydides.core.guice.Injectors - Created injector for module net.thucydides.core.guice.ThucydidesModule
02:23:26.969 [main] INFO io.cucumber.core.plugin.SerenityReporter - Running feature from file:///Users/cesarriosusuga/Desktop/Prueba-tecnica/src/test/resources/features/Netflix.feature
02:23:27.040 [main] DEBUG net.thucydides.core.guice.Injectors - Created injector for module net.thucydides.core.guice.webdriver.WebDriverModule
02:23:27.046 [main] INFO  - 

-------------------------------------------------------------------------------------
     _______. _______ .______       _______ .__   __.  __  .___________.____    ____ 
    /       ||   ____||   _  \     |   ____||  \ |  | |  | |           |\   \  /   / 
   |   (----`|  |__   |  |_)  |    |  |__   |   \|  | |  | `---|  |----` \   \/   /  
    \   \    |   __|  |      /     |   __|  |  . `  | |  |     |  |       \_    _/   
.----)   |   |  |____ |  |\  \----.|  |____ |  |\   | |  |     |  |         |  |     
|_______/    |_______|| _| `._____||_______||__| \__| |__|     |__|         |__|    
                                                                                     
 News and tutorials at http://www.serenity-bdd.info                                  
 Documentation at https://wakaleo.gitbooks.io/the-serenity-book/content/             
 Join the Serenity Community on Gitter: https://gitter.im/serenity-bdd/serenity-core 
 Serenity BDD Support and Training at http://serenity-bdd.info/#/trainingandsupport  
-------------------------------------------------------------------------------------

02:23:27.047 [main] DEBUG net.thucydides.core.steps.StepEventBus - Test suite started for story net.thucydides.core.model.Story@e1a20328
02:23:27.049 [main] INFO  - Test Suite Started: Netflix
02:23:27.055 [main] INFO io.cucumber.core.plugin.SerenityReporter - Running feature from file:///Users/cesarriosusuga/Desktop/Prueba-tecnica/src/test/resources/features/Netflix.feature
02:23:27.056 [main] DEBUG net.thucydides.core.steps.StepEventBus - Test suite started for story net.thucydides.core.model.Story@e1a20328
02:23:27.056 [main] INFO  - Test Suite Started: Netflix

@Netflix
Scenario: Validate netflix               &amp#27;[90m# src/test/resources/features/Netflix.feature:6&amp#27;[0m
02:23:27.077 [main] INFO io.cucumber.core.plugin.SerenityReporter - Running feature from file:///Users/cesarriosusuga/Desktop/Prueba-tecnica/src/test/resources/features/Netflix.feature
02:23:27.142 [main] INFO  - 
  _____   ___   ___   _____     ___   _____     _     ___   _____   ___   ___  
 |_   _| | __| / __| |_   _|   / __| |_   _|   /_\   | _ \ |_   _| | __| |   \ 
   | |   | _|  \__ \   | |     \__ \   | |    / _ \  |   /   | |   | _|  | |) |
   |_|   |___| |___/   |_|     |___/   |_|   /_/ \_\ |_|_\   |_|   |___| |___/ 

Validate netflix(netflix;validate-netflix)
--------------------------------------------------------------------------------
02:23:27.418 [main] DEBUG net.thucydides.core.steps.StepInterceptor - STARTING STEP: NetflixDefinitions.navigateToNetflix - openBrowser
02:23:27.511 [main] INFO net.serenitybdd.core.webdriver.driverproviders.ChromeDriverProvider - Starting Chrome driver instance with capabilities:
02:23:27.511 [main] INFO net.serenitybdd.core.webdriver.driverproviders.ChromeDriverProvider - Capabilities {acceptInsecureCerts: false, browserName: chrome, goog:chromeOptions: {args: [--disk-cache-dir=null, --disable-popup-blocking,--..., --disable-download-notifica...], extensions: []}}
02:23:27.539 [main] DEBUG io.netty.util.internal.logging.InternalLoggerFactory - Using SLF4J as the default logging framework
02:23:27.542 [main] DEBUG io.netty.util.ResourceLeakDetector - -Dio.netty.leakDetection.level: simple
02:23:27.542 [main] DEBUG io.netty.util.ResourceLeakDetector - -Dio.netty.leakDetection.targetRecords: 4
02:23:27.545 [main] DEBUG io.netty.util.ResourceLeakDetectorFactory - Loaded default ResourceLeakDetector: io.netty.util.ResourceLeakDetector@7bbcf6f0
02:23:27.552 [main] DEBUG io.netty.util.internal.PlatformDependent0 - -Dio.netty.noUnsafe: false
02:23:27.552 [main] DEBUG io.netty.util.internal.PlatformDependent0 - Java version: 18
02:23:27.552 [main] DEBUG io.netty.util.internal.PlatformDependent0 - sun.misc.Unsafe.theUnsafe: available
02:23:27.552 [main] DEBUG io.netty.util.internal.PlatformDependent0 - sun.misc.Unsafe.copyMemory: available
02:23:27.552 [main] DEBUG io.netty.util.internal.PlatformDependent0 - sun.misc.Unsafe.storeFence: available
02:23:27.553 [main] DEBUG io.netty.util.internal.PlatformDependent0 - java.nio.Buffer.address: available
02:23:27.553 [main] DEBUG io.netty.util.internal.PlatformDependent0 - direct buffer constructor: unavailable: Reflective setAccessible(true) disabled
02:23:27.553 [main] DEBUG io.netty.util.internal.PlatformDependent0 - java.nio.Bits.unaligned: available, true
02:23:27.554 [main] DEBUG io.netty.util.internal.PlatformDependent0 - jdk.internal.misc.Unsafe.allocateUninitializedArray(int): unavailable: class io.netty.util.internal.PlatformDependent0$7 cannot access class jdk.internal.misc.Unsafe (in module java.base) because module java.base does not export jdk.internal.misc to unnamed module @5f8edcc5
02:23:27.554 [main] DEBUG io.netty.util.internal.PlatformDependent0 - java.nio.DirectByteBuffer.<init>(long, int): unavailable
02:23:27.554 [main] DEBUG io.netty.util.internal.PlatformDependent - sun.misc.Unsafe: available
02:23:27.556 [main] DEBUG io.netty.util.internal.PlatformDependent - maxDirectMemory: 2147483648 bytes (maybe)
02:23:27.556 [main] DEBUG io.netty.util.internal.PlatformDependent - -Dio.netty.tmpdir: /var/folders/gw/10b72tvn1jlcc0qdxrft6r940000gn/T (java.io.tmpdir)
02:23:27.556 [main] DEBUG io.netty.util.internal.PlatformDependent - -Dio.netty.bitMode: 64 (sun.arch.data.model)
02:23:27.556 [main] DEBUG io.netty.util.internal.PlatformDependent - Platform: MacOS
02:23:27.557 [main] DEBUG io.netty.util.internal.PlatformDependent - -Dio.netty.maxDirectMemory: -1 bytes
02:23:27.557 [main] DEBUG io.netty.util.internal.PlatformDependent - -Dio.netty.uninitializedArrayAllocationThreshold: -1
02:23:27.557 [main] DEBUG io.netty.util.internal.CleanerJava9 - java.nio.ByteBuffer.cleaner(): available
02:23:27.557 [main] DEBUG io.netty.util.internal.PlatformDependent - -Dio.netty.noPreferDirect: false
02:23:27.560 [main] DEBUG io.netty.util.internal.PlatformDependent - org.jctools-core.MpscChunkedArrayQueue: available
02:23:27.575 [main] DEBUG io.netty.util.internal.InternalThreadLocalMap - -Dio.netty.threadLocalMap.stringBuilder.initialSize: 1024
02:23:27.575 [main] DEBUG io.netty.util.internal.InternalThreadLocalMap - -Dio.netty.threadLocalMap.stringBuilder.maxSize: 4096
02:23:27.677 [main] DEBUG io.netty.handler.ssl.JdkSslContext - Default protocols (JDK): [TLSv1.3, TLSv1.2] 
02:23:27.677 [main] DEBUG io.netty.handler.ssl.JdkSslContext - Default cipher suites (JDK): [TLS_ECDHE_ECDSA_WITH_AES_256_GCM_SHA384, TLS_ECDHE_ECDSA_WITH_AES_128_GCM_SHA256, TLS_ECDHE_RSA_WITH_AES_128_GCM_SHA256, TLS_ECDHE_RSA_WITH_AES_256_GCM_SHA384, TLS_ECDHE_RSA_WITH_AES_128_CBC_SHA, TLS_ECDHE_RSA_WITH_AES_256_CBC_SHA, TLS_RSA_WITH_AES_128_GCM_SHA256, TLS_RSA_WITH_AES_128_CBC_SHA, TLS_RSA_WITH_AES_256_CBC_SHA, TLS_AES_128_GCM_SHA256, TLS_AES_256_GCM_SHA384]
02:23:27.686 [main] DEBUG io.netty.channel.MultithreadEventLoopGroup - -Dio.netty.eventLoopThreads: 16
02:23:27.690 [main] DEBUG io.netty.channel.nio.NioEventLoop - -Dio.netty.noKeySetOptimization: false
02:23:27.690 [main] DEBUG io.netty.channel.nio.NioEventLoop - -Dio.netty.selectorAutoRebuildThreshold: 512
02:23:27.701 [main] DEBUG io.netty.buffer.PooledByteBufAllocator - -Dio.netty.allocator.numHeapArenas: 16
02:23:27.701 [main] DEBUG io.netty.buffer.PooledByteBufAllocator - -Dio.netty.allocator.numDirectArenas: 16
02:23:27.702 [main] DEBUG io.netty.buffer.PooledByteBufAllocator - -Dio.netty.allocator.pageSize: 8192
02:23:27.702 [main] DEBUG io.netty.buffer.PooledByteBufAllocator - -Dio.netty.allocator.maxOrder: 9
02:23:27.702 [main] DEBUG io.netty.buffer.PooledByteBufAllocator - -Dio.netty.allocator.chunkSize: 4194304
02:23:27.702 [main] DEBUG io.netty.buffer.PooledByteBufAllocator - -Dio.netty.allocator.smallCacheSize: 256
02:23:27.702 [main] DEBUG io.netty.buffer.PooledByteBufAllocator - -Dio.netty.allocator.normalCacheSize: 64
02:23:27.702 [main] DEBUG io.netty.buffer.PooledByteBufAllocator - -Dio.netty.allocator.maxCachedBufferCapacity: 32768
02:23:27.702 [main] DEBUG io.netty.buffer.PooledByteBufAllocator - -Dio.netty.allocator.cacheTrimInterval: 8192
02:23:27.702 [main] DEBUG io.netty.buffer.PooledByteBufAllocator - -Dio.netty.allocator.cacheTrimIntervalMillis: 0
02:23:27.702 [main] DEBUG io.netty.buffer.PooledByteBufAllocator - -Dio.netty.allocator.useCacheForAllThreads: false
02:23:27.702 [main] DEBUG io.netty.buffer.PooledByteBufAllocator - -Dio.netty.allocator.maxCachedByteBuffersPerChunk: 1023
02:23:27.706 [main] DEBUG io.netty.buffer.ByteBufUtil - -Dio.netty.allocator.type: pooled
02:23:27.706 [main] DEBUG io.netty.buffer.ByteBufUtil - -Dio.netty.threadLocalDirectBufferSize: 0
02:23:27.706 [main] DEBUG io.netty.buffer.ByteBufUtil - -Dio.netty.maxThreadLocalCharBufferSize: 16384
02:23:27.865 [Forwarding newSession on session null to remote] DEBUG io.netty.channel.DefaultChannelId - -Dio.netty.processId: 25809 (auto-detected)
02:23:27.866 [Forwarding newSession on session null to remote] DEBUG io.netty.util.NetUtil - -Djava.net.preferIPv4Stack: false
02:23:27.866 [Forwarding newSession on session null to remote] DEBUG io.netty.util.NetUtil - -Djava.net.preferIPv6Addresses: false
02:23:27.867 [Forwarding newSession on session null to remote] DEBUG io.netty.util.NetUtilInitializations - Loopback interface: lo0 (lo0, 0:0:0:0:0:0:0:1%lo0)
02:23:27.868 [Forwarding newSession on session null to remote] DEBUG io.netty.util.NetUtil - Failed to get SOMAXCONN from sysctl and file /proc/sys/net/core/somaxconn. Default: 128
02:23:27.868 [Forwarding newSession on session null to remote] DEBUG io.netty.channel.DefaultChannelId - -Dio.netty.machineId: 3c:06:30:ff:fe:15:d0:4c (auto-detected)
02:23:27.884 [AsyncHttpClient-1-2] DEBUG io.netty.buffer.AbstractByteBuf - -Dio.netty.buffer.checkAccessible: true
02:23:27.884 [AsyncHttpClient-1-2] DEBUG io.netty.buffer.AbstractByteBuf - -Dio.netty.buffer.checkBounds: true
02:23:27.884 [AsyncHttpClient-1-2] DEBUG io.netty.util.ResourceLeakDetectorFactory - Loaded default ResourceLeakDetector: io.netty.util.ResourceLeakDetector@6bbd3cf2
02:23:27.889 [AsyncHttpClient-1-2] DEBUG org.asynchttpclient.netty.channel.NettyConnectListener - Using new Channel '[id: 0xb9dc5b15, L:/127.0.0.1:55014 - R:localhost/127.0.0.1:13956]' for 'POST' to '/session'
02:23:27.895 [AsyncHttpClient-1-2] DEBUG io.netty.util.Recycler - -Dio.netty.recycler.maxCapacityPerThread: 4096
02:23:27.895 [AsyncHttpClient-1-2] DEBUG io.netty.util.Recycler - -Dio.netty.recycler.ratio: 8
02:23:27.895 [AsyncHttpClient-1-2] DEBUG io.netty.util.Recycler - -Dio.netty.recycler.chunkSize: 32
02:23:27.895 [AsyncHttpClient-1-2] DEBUG io.netty.util.Recycler - -Dio.netty.recycler.blocking: false
02:23:29.990 [AsyncHttpClient-1-2] DEBUG io.netty.handler.codec.compression.Brotli - brotli4j not in the classpath; Brotli support will be unavailable.
02:23:29.991 [AsyncHttpClient-1-2] DEBUG org.asynchttpclient.netty.handler.HttpHandler - 

Request DefaultHttpRequest(decodeResult: success, version: HTTP/1.1)
POST /session HTTP/1.1
User-Agent: selenium/4.6.0 (java mac)
Content-Length: 1021
Content-Type: application/json; charset=utf-8
host: localhost:13956
accept: */*

Response DefaultHttpResponse(decodeResult: success, version: HTTP/1.1)
HTTP/1.1 200 OK
Content-Type: application/json; charset=utf-8
cache-control: no-cache
content-length: 801

02:23:29.995 [AsyncHttpClient-1-2] DEBUG org.asynchttpclient.netty.channel.ChannelManager - Adding key: http://localhost:13956 for channel [id: 0xb9dc5b15, L:/127.0.0.1:55014 - R:localhost/127.0.0.1:13956]
02:23:30.029 [AsyncHttpClient-1-3] DEBUG org.asynchttpclient.netty.channel.NettyConnectListener - Using new Channel '[id: 0xd7b4819f, L:/127.0.0.1:55020 - R:localhost/127.0.0.1:55015]' for 'GET' to '/json/version'
02:23:30.033 [AsyncHttpClient-1-3] DEBUG org.asynchttpclient.netty.handler.HttpHandler - 

Request DefaultFullHttpRequest(decodeResult: success, version: HTTP/1.1, content: EmptyByteBufBE)
GET /json/version HTTP/1.1
User-Agent: selenium/4.6.0 (java mac)
host: localhost:55015
accept: */*

Response DefaultHttpResponse(decodeResult: success, version: HTTP/1.1)
HTTP/1.1 200 OK
Content-Type: application/json; charset=UTF-8
content-length: 421

02:23:30.033 [AsyncHttpClient-1-3] DEBUG org.asynchttpclient.netty.channel.ChannelManager - Adding key: http://localhost:55015 for channel [id: 0xd7b4819f, L:/127.0.0.1:55020 - R:localhost/127.0.0.1:55015]
02:23:30.037 [main] DEBUG io.netty.util.internal.ThreadLocalRandom - -Dio.netty.initialSeedUniquifier: 0xa25f38d7349ab224
02:23:30.039 [AsyncHttpClient-1-4] DEBUG org.asynchttpclient.netty.channel.NettyConnectListener - Using new Channel '[id: 0x5552a969, L:/127.0.0.1:55021 - R:localhost/127.0.0.1:55015]' for 'GET' to '/devtools/browser/ef3f99b8-bbae-4b3f-a531-47a58d729bec'
02:23:30.042 [AsyncHttpClient-1-4] DEBUG org.asynchttpclient.netty.handler.WebSocketHandler - 

Request DefaultFullHttpRequest(decodeResult: success, version: HTTP/1.1, content: EmptyByteBufBE)
GET /devtools/browser/ef3f99b8-bbae-4b3f-a531-47a58d729bec HTTP/1.1
upgrade: websocket
connection: upgrade
sec-websocket-key: WKZhtUMbm2Lr3RD6yHhvVQ==
sec-websocket-version: 13
origin: http://localhost:55015
host: localhost:55015
accept: */*
user-agent: AHC/2.1

Response DefaultHttpResponse(decodeResult: success, version: HTTP/1.1)
HTTP/1.1 101 WebSocket Protocol Handshake
Upgrade: WebSocket
Connection: Upgrade
Sec-WebSocket-Accept: PJMQUT7ct9RHdefqe/MQ6tyAKtY=

02:23:30.070 [Forwarding setTimeout on session 2ce9012b4bd209d98c8c8434150e2fdb to remote] DEBUG org.asynchttpclient.netty.request.NettyRequestSender - Using pooled Channel '[id: 0xb9dc5b15, L:/127.0.0.1:55014 - R:localhost/127.0.0.1:13956]' for 'POST' to 'http://localhost:13956/session/2ce9012b4bd209d98c8c8434150e2fdb/timeouts'
02:23:30.070 [Forwarding setTimeout on session 2ce9012b4bd209d98c8c8434150e2fdb to remote] DEBUG org.asynchttpclient.netty.request.NettyRequestSender - Using open Channel [id: 0xb9dc5b15, L:/127.0.0.1:55014 - R:localhost/127.0.0.1:13956] for POST '/session/2ce9012b4bd209d98c8c8434150e2fdb/timeouts'
02:23:30.074 [AsyncHttpClient-1-2] DEBUG org.asynchttpclient.netty.handler.HttpHandler - 

Request DefaultHttpRequest(decodeResult: success, version: HTTP/1.1)
POST /session/2ce9012b4bd209d98c8c8434150e2fdb/timeouts HTTP/1.1
User-Agent: selenium/4.6.0 (java mac)
Content-Length: 23
Content-Type: application/json; charset=utf-8
host: localhost:13956
accept: */*

Response DefaultHttpResponse(decodeResult: success, version: HTTP/1.1)
HTTP/1.1 200 OK
Content-Type: application/json; charset=utf-8
cache-control: no-cache
content-length: 14

02:23:30.075 [AsyncHttpClient-1-2] DEBUG org.asynchttpclient.netty.channel.ChannelManager - Adding key: http://localhost:13956 for channel [id: 0xb9dc5b15, L:/127.0.0.1:55014 - R:localhost/127.0.0.1:13956]
02:23:30.079 [Forwarding maximizeCurrentWindow on session 2ce9012b4bd209d98c8c8434150e2fdb to remote] DEBUG org.asynchttpclient.netty.request.NettyRequestSender - Using pooled Channel '[id: 0xb9dc5b15, L:/127.0.0.1:55014 - R:localhost/127.0.0.1:13956]' for 'POST' to 'http://localhost:13956/session/2ce9012b4bd209d98c8c8434150e2fdb/window/maximize'
02:23:30.079 [Forwarding maximizeCurrentWindow on session 2ce9012b4bd209d98c8c8434150e2fdb to remote] DEBUG org.asynchttpclient.netty.request.NettyRequestSender - Using open Channel [id: 0xb9dc5b15, L:/127.0.0.1:55014 - R:localhost/127.0.0.1:13956] for POST '/session/2ce9012b4bd209d98c8c8434150e2fdb/window/maximize'
02:23:30.206 [AsyncHttpClient-1-2] DEBUG org.asynchttpclient.netty.handler.HttpHandler - 

Request DefaultHttpRequest(decodeResult: success, version: HTTP/1.1)
POST /session/2ce9012b4bd209d98c8c8434150e2fdb/window/maximize HTTP/1.1
User-Agent: selenium/4.6.0 (java mac)
Content-Length: 3
Content-Type: application/json; charset=utf-8
host: localhost:13956
accept: */*

Response DefaultHttpResponse(decodeResult: success, version: HTTP/1.1)
HTTP/1.1 200 OK
Content-Type: application/json; charset=utf-8
cache-control: no-cache
content-length: 50

02:23:30.206 [AsyncHttpClient-1-2] DEBUG org.asynchttpclient.netty.channel.ChannelManager - Adding key: http://localhost:13956 for channel [id: 0xb9dc5b15, L:/127.0.0.1:55014 - R:localhost/127.0.0.1:13956]
02:23:30.591 [main] DEBUG net.thucydides.core.reflection.ClassFinder - Could not load class .Pages.NetflixPage
02:23:30.592 [main] DEBUG net.thucydides.core.reflection.ClassFinder - Could not load class .Runner.CucumberTestSuite
02:23:30.592 [main] DEBUG net.thucydides.core.reflection.ClassFinder - Could not load class .Steps.NetflixSteps
02:23:30.592 [main] DEBUG net.thucydides.core.reflection.ClassFinder - Could not load class .StepsDefinitions.NetflixDefinitions
02:23:30.592 [main] DEBUG net.thucydides.core.reflection.ClassFinder - Could not load class META-INF.versions.9.com.sun.istack.logging.StackHelper
02:23:30.592 [main] DEBUG net.thucydides.core.reflection.ClassFinder - Could not load class META-INF.versions.9.com.sun.xml.bind.v2.runtime.reflect.opt.AccessorInjector
02:23:30.593 [main] DEBUG net.thucydides.core.reflection.ClassFinder - Could not load class META-INF.versions.9.com.sun.xml.bind.v2.runtime.reflect.opt.Injector
02:23:30.594 [main] DEBUG net.thucydides.core.reflection.ClassFinder - Could not load class META-INF.versions.9.com.sun.xml.bind.v2.runtime.reflect.opt.OptimizedAccessorFactory
02:23:30.595 [main] DEBUG net.thucydides.core.reflection.ClassFinder - Could not load class META-INF.versions.9.com.sun.xml.bind.v2.runtime.reflect.opt.OptimizedTransducedAccessorFactory
02:23:30.596 [main] DEBUG net.thucydides.core.reflection.ClassFinder - Could not load class META-INF.versions.9.io.opentelemetry.sdk.internal.CurrentJavaVersionSpecific
02:23:30.596 [main] DEBUG net.thucydides.core.reflection.ClassFinder - Could not load class META-INF.versions.9.io.opentelemetry.sdk.internal.Java9VersionSpecific
02:23:30.596 [main] DEBUG net.thucydides.core.reflection.ClassFinder - Could not load class META-INF.versions.9.javax.xml.bind.ModuleUtil
02:23:30.596 [main] DEBUG net.thucydides.core.reflection.ClassFinder - Could not load class META-INF.versions.9.module-info
02:23:30.597 [main] DEBUG net.thucydides.core.reflection.ClassFinder - Could not load class META-INF.versions.9.org.junit.platform.commons.util.ModuleUtils
02:23:30.790 [main] DEBUG net.thucydides.core.reflection.ClassFinder - Could not load class com.google.gson.internal.
02:23:30.846 [main] DEBUG net.thucydides.core.reflection.ClassFinder - Could not load class com.sun.xml.bind.v2.runtime.output.FastInfosetStreamWriterOutput
02:23:30.968 [AsyncHttpClient-1-1] DEBUG org.asynchttpclient.netty.channel.DefaultChannelPool - Entry count for : http://localhost:13956 : 1
02:23:30.968 [AsyncHttpClient-1-1] DEBUG org.asynchttpclient.netty.channel.DefaultChannelPool - Entry count for : http://localhost:55015 : 1
02:23:31.008 [main] DEBUG net.thucydides.core.reflection.ClassFinder - Could not load class module-info
02:23:31.877 [Forwarding get on session 2ce9012b4bd209d98c8c8434150e2fdb to remote] DEBUG org.asynchttpclient.netty.request.NettyRequestSender - Using pooled Channel '[id: 0xb9dc5b15, L:/127.0.0.1:55014 - R:localhost/127.0.0.1:13956]' for 'POST' to 'http://localhost:13956/session/2ce9012b4bd209d98c8c8434150e2fdb/url'
02:23:31.877 [Forwarding get on session 2ce9012b4bd209d98c8c8434150e2fdb to remote] DEBUG org.asynchttpclient.netty.request.NettyRequestSender - Using open Channel [id: 0xb9dc5b15, L:/127.0.0.1:55014 - R:localhost/127.0.0.1:13956] for POST '/session/2ce9012b4bd209d98c8c8434150e2fdb/url'
02:23:32.068 [AsyncHttpClient-1-1] DEBUG org.asynchttpclient.netty.channel.DefaultChannelPool - Entry count for : http://localhost:55015 : 1
02:23:32.623 [AsyncHttpClient-1-2] DEBUG org.asynchttpclient.netty.handler.HttpHandler - 

Request DefaultHttpRequest(decodeResult: success, version: HTTP/1.1)
POST /session/2ce9012b4bd209d98c8c8434150e2fdb/url HTTP/1.1
User-Agent: selenium/4.6.0 (java mac)
Content-Length: 62
Content-Type: application/json; charset=utf-8
host: localhost:13956
accept: */*

Response DefaultHttpResponse(decodeResult: success, version: HTTP/1.1)
HTTP/1.1 200 OK
Content-Type: application/json; charset=utf-8
cache-control: no-cache
content-length: 14

02:23:32.623 [AsyncHttpClient-1-2] DEBUG org.asynchttpclient.netty.channel.ChannelManager - Adding key: http://localhost:13956 for channel [id: 0xb9dc5b15, L:/127.0.0.1:55014 - R:localhost/127.0.0.1:13956]
02:23:32.628 [Forwarding setTimeout on session 2ce9012b4bd209d98c8c8434150e2fdb to remote] DEBUG org.asynchttpclient.netty.request.NettyRequestSender - Using pooled Channel '[id: 0xb9dc5b15, L:/127.0.0.1:55014 - R:localhost/127.0.0.1:13956]' for 'POST' to 'http://localhost:13956/session/2ce9012b4bd209d98c8c8434150e2fdb/timeouts'
02:23:32.628 [Forwarding setTimeout on session 2ce9012b4bd209d98c8c8434150e2fdb to remote] DEBUG org.asynchttpclient.netty.request.NettyRequestSender - Using open Channel [id: 0xb9dc5b15, L:/127.0.0.1:55014 - R:localhost/127.0.0.1:13956] for POST '/session/2ce9012b4bd209d98c8c8434150e2fdb/timeouts'
02:23:32.629 [AsyncHttpClient-1-2] DEBUG org.asynchttpclient.netty.handler.HttpHandler - 

Request DefaultHttpRequest(decodeResult: success, version: HTTP/1.1)
POST /session/2ce9012b4bd209d98c8c8434150e2fdb/timeouts HTTP/1.1
User-Agent: selenium/4.6.0 (java mac)
Content-Length: 23
Content-Type: application/json; charset=utf-8
host: localhost:13956
accept: */*

Response DefaultHttpResponse(decodeResult: success, version: HTTP/1.1)
HTTP/1.1 200 OK
Content-Type: application/json; charset=utf-8
cache-control: no-cache
content-length: 14

02:23:32.630 [AsyncHttpClient-1-2] DEBUG org.asynchttpclient.netty.channel.ChannelManager - Adding key: http://localhost:13956 for channel [id: 0xb9dc5b15, L:/127.0.0.1:55014 - R:localhost/127.0.0.1:13956]
02:23:32.639 [Forwarding getCurrentUrl on session 2ce9012b4bd209d98c8c8434150e2fdb to remote] DEBUG org.asynchttpclient.netty.request.NettyRequestSender - Using pooled Channel '[id: 0xb9dc5b15, L:/127.0.0.1:55014 - R:localhost/127.0.0.1:13956]' for 'GET' to 'http://localhost:13956/session/2ce9012b4bd209d98c8c8434150e2fdb/url'
02:23:32.639 [Forwarding getCurrentUrl on session 2ce9012b4bd209d98c8c8434150e2fdb to remote] DEBUG org.asynchttpclient.netty.request.NettyRequestSender - Using open Channel [id: 0xb9dc5b15, L:/127.0.0.1:55014 - R:localhost/127.0.0.1:13956] for GET '/session/2ce9012b4bd209d98c8c8434150e2fdb/url'
02:23:32.643 [AsyncHttpClient-1-2] DEBUG org.asynchttpclient.netty.handler.HttpHandler - 

Request DefaultFullHttpRequest(decodeResult: success, version: HTTP/1.1, content: EmptyByteBufBE)
GET /session/2ce9012b4bd209d98c8c8434150e2fdb/url HTTP/1.1
User-Agent: selenium/4.6.0 (java mac)
Cache-Control: no-cache
Content-Type: application/json; charset=utf-8
host: localhost:13956
accept: */*

Response DefaultHttpResponse(decodeResult: success, version: HTTP/1.1)
HTTP/1.1 200 OK
Content-Type: application/json; charset=utf-8
cache-control: no-cache
content-length: 39

02:23:32.643 [AsyncHttpClient-1-2] DEBUG org.asynchttpclient.netty.channel.ChannelManager - Adding key: http://localhost:13956 for channel [id: 0xb9dc5b15, L:/127.0.0.1:55014 - R:localhost/127.0.0.1:13956]
02:23:32.645 [Forwarding getCurrentUrl on session 2ce9012b4bd209d98c8c8434150e2fdb to remote] DEBUG org.asynchttpclient.netty.request.NettyRequestSender - Using pooled Channel '[id: 0xb9dc5b15, L:/127.0.0.1:55014 - R:localhost/127.0.0.1:13956]' for 'GET' to 'http://localhost:13956/session/2ce9012b4bd209d98c8c8434150e2fdb/url'
02:23:32.645 [Forwarding getCurrentUrl on session 2ce9012b4bd209d98c8c8434150e2fdb to remote] DEBUG org.asynchttpclient.netty.request.NettyRequestSender - Using open Channel [id: 0xb9dc5b15, L:/127.0.0.1:55014 - R:localhost/127.0.0.1:13956] for GET '/session/2ce9012b4bd209d98c8c8434150e2fdb/url'
02:23:32.648 [AsyncHttpClient-1-2] DEBUG org.asynchttpclient.netty.handler.HttpHandler - 

Request DefaultFullHttpRequest(decodeResult: success, version: HTTP/1.1, content: EmptyByteBufBE)
GET /session/2ce9012b4bd209d98c8c8434150e2fdb/url HTTP/1.1
User-Agent: selenium/4.6.0 (java mac)
Cache-Control: no-cache
Content-Type: application/json; charset=utf-8
host: localhost:13956
accept: */*

Response DefaultHttpResponse(decodeResult: success, version: HTTP/1.1)
HTTP/1.1 200 OK
Content-Type: application/json; charset=utf-8
cache-control: no-cache
content-length: 39

02:23:32.648 [AsyncHttpClient-1-2] DEBUG org.asynchttpclient.netty.channel.ChannelManager - Adding key: http://localhost:13956 for channel [id: 0xb9dc5b15, L:/127.0.0.1:55014 - R:localhost/127.0.0.1:13956]
02:23:32.660 [main] DEBUG net.serenitybdd.core.photography.Darkroom - Opening darkroom
02:23:32.661 [Darkroom Processing Line] DEBUG net.serenitybdd.core.photography.DarkroomProcessingLine - Darkroom processing line starting up
02:23:32.663 [Forwarding getCurrentWindowHandle on session 2ce9012b4bd209d98c8c8434150e2fdb to remote] DEBUG org.asynchttpclient.netty.request.NettyRequestSender - Using pooled Channel '[id: 0xb9dc5b15, L:/127.0.0.1:55014 - R:localhost/127.0.0.1:13956]' for 'GET' to 'http://localhost:13956/session/2ce9012b4bd209d98c8c8434150e2fdb/window'
02:23:32.663 [Forwarding getCurrentWindowHandle on session 2ce9012b4bd209d98c8c8434150e2fdb to remote] DEBUG org.asynchttpclient.netty.request.NettyRequestSender - Using open Channel [id: 0xb9dc5b15, L:/127.0.0.1:55014 - R:localhost/127.0.0.1:13956] for GET '/session/2ce9012b4bd209d98c8c8434150e2fdb/window'
02:23:32.664 [AsyncHttpClient-1-2] DEBUG org.asynchttpclient.netty.handler.HttpHandler - 

Request DefaultFullHttpRequest(decodeResult: success, version: HTTP/1.1, content: EmptyByteBufBE)
GET /session/2ce9012b4bd209d98c8c8434150e2fdb/window HTTP/1.1
User-Agent: selenium/4.6.0 (java mac)
Cache-Control: no-cache
Content-Type: application/json; charset=utf-8
host: localhost:13956
accept: */*

Response DefaultHttpResponse(decodeResult: success, version: HTTP/1.1)
HTTP/1.1 200 OK
Content-Type: application/json; charset=utf-8
cache-control: no-cache
content-length: 53

02:23:32.664 [AsyncHttpClient-1-2] DEBUG org.asynchttpclient.netty.channel.ChannelManager - Adding key: http://localhost:13956 for channel [id: 0xb9dc5b15, L:/127.0.0.1:55014 - R:localhost/127.0.0.1:13956]
02:23:32.665 [Forwarding getAlertText on session 2ce9012b4bd209d98c8c8434150e2fdb to remote] DEBUG org.asynchttpclient.netty.request.NettyRequestSender - Using pooled Channel '[id: 0xb9dc5b15, L:/127.0.0.1:55014 - R:localhost/127.0.0.1:13956]' for 'GET' to 'http://localhost:13956/session/2ce9012b4bd209d98c8c8434150e2fdb/alert/text'
02:23:32.665 [Forwarding getAlertText on session 2ce9012b4bd209d98c8c8434150e2fdb to remote] DEBUG org.asynchttpclient.netty.request.NettyRequestSender - Using open Channel [id: 0xb9dc5b15, L:/127.0.0.1:55014 - R:localhost/127.0.0.1:13956] for GET '/session/2ce9012b4bd209d98c8c8434150e2fdb/alert/text'
02:23:32.667 [AsyncHttpClient-1-2] DEBUG org.asynchttpclient.netty.handler.HttpHandler - 

Request DefaultFullHttpRequest(decodeResult: success, version: HTTP/1.1, content: EmptyByteBufBE)
GET /session/2ce9012b4bd209d98c8c8434150e2fdb/alert/text HTTP/1.1
User-Agent: selenium/4.6.0 (java mac)
Cache-Control: no-cache
Content-Type: application/json; charset=utf-8
host: localhost:13956
accept: */*

Response DefaultHttpResponse(decodeResult: success, version: HTTP/1.1)
HTTP/1.1 404 Not Found
Content-Type: application/json; charset=utf-8
cache-control: no-cache
content-length: 1434

02:23:32.668 [AsyncHttpClient-1-2] DEBUG org.asynchttpclient.netty.channel.ChannelManager - Adding key: http://localhost:13956 for channel [id: 0xb9dc5b15, L:/127.0.0.1:55014 - R:localhost/127.0.0.1:13956]
02:23:32.677 [Forwarding switchToWindow on session 2ce9012b4bd209d98c8c8434150e2fdb to remote] DEBUG org.asynchttpclient.netty.request.NettyRequestSender - Using pooled Channel '[id: 0xb9dc5b15, L:/127.0.0.1:55014 - R:localhost/127.0.0.1:13956]' for 'POST' to 'http://localhost:13956/session/2ce9012b4bd209d98c8c8434150e2fdb/window'
02:23:32.677 [Forwarding switchToWindow on session 2ce9012b4bd209d98c8c8434150e2fdb to remote] DEBUG org.asynchttpclient.netty.request.NettyRequestSender - Using open Channel [id: 0xb9dc5b15, L:/127.0.0.1:55014 - R:localhost/127.0.0.1:13956] for POST '/session/2ce9012b4bd209d98c8c8434150e2fdb/window'
02:23:32.683 [AsyncHttpClient-1-2] DEBUG org.asynchttpclient.netty.handler.HttpHandler - 

Request DefaultHttpRequest(decodeResult: success, version: HTTP/1.1)
POST /session/2ce9012b4bd209d98c8c8434150e2fdb/window HTTP/1.1
User-Agent: selenium/4.6.0 (java mac)
Content-Length: 59
Content-Type: application/json; charset=utf-8
host: localhost:13956
accept: */*

Response DefaultHttpResponse(decodeResult: success, version: HTTP/1.1)
HTTP/1.1 200 OK
Content-Type: application/json; charset=utf-8
cache-control: no-cache
content-length: 14

02:23:32.684 [AsyncHttpClient-1-2] DEBUG org.asynchttpclient.netty.channel.ChannelManager - Adding key: http://localhost:13956 for channel [id: 0xb9dc5b15, L:/127.0.0.1:55014 - R:localhost/127.0.0.1:13956]
02:23:32.686 [Forwarding getCurrentUrl on session 2ce9012b4bd209d98c8c8434150e2fdb to remote] DEBUG org.asynchttpclient.netty.request.NettyRequestSender - Using pooled Channel '[id: 0xb9dc5b15, L:/127.0.0.1:55014 - R:localhost/127.0.0.1:13956]' for 'GET' to 'http://localhost:13956/session/2ce9012b4bd209d98c8c8434150e2fdb/url'
02:23:32.686 [Forwarding getCurrentUrl on session 2ce9012b4bd209d98c8c8434150e2fdb to remote] DEBUG org.asynchttpclient.netty.request.NettyRequestSender - Using open Channel [id: 0xb9dc5b15, L:/127.0.0.1:55014 - R:localhost/127.0.0.1:13956] for GET '/session/2ce9012b4bd209d98c8c8434150e2fdb/url'
02:23:32.690 [AsyncHttpClient-1-2] DEBUG org.asynchttpclient.netty.handler.HttpHandler - 

Request DefaultFullHttpRequest(decodeResult: success, version: HTTP/1.1, content: EmptyByteBufBE)
GET /session/2ce9012b4bd209d98c8c8434150e2fdb/url HTTP/1.1
User-Agent: selenium/4.6.0 (java mac)
Cache-Control: no-cache
Content-Type: application/json; charset=utf-8
host: localhost:13956
accept: */*

Response DefaultHttpResponse(decodeResult: success, version: HTTP/1.1)
HTTP/1.1 200 OK
Content-Type: application/json; charset=utf-8
cache-control: no-cache
content-length: 39

02:23:32.690 [AsyncHttpClient-1-2] DEBUG org.asynchttpclient.netty.channel.ChannelManager - Adding key: http://localhost:13956 for channel [id: 0xb9dc5b15, L:/127.0.0.1:55014 - R:localhost/127.0.0.1:13956]
02:23:32.692 [Forwarding screenshot on session 2ce9012b4bd209d98c8c8434150e2fdb to remote] DEBUG org.asynchttpclient.netty.request.NettyRequestSender - Using pooled Channel '[id: 0xb9dc5b15, L:/127.0.0.1:55014 - R:localhost/127.0.0.1:13956]' for 'GET' to 'http://localhost:13956/session/2ce9012b4bd209d98c8c8434150e2fdb/screenshot'
02:23:32.693 [Forwarding screenshot on session 2ce9012b4bd209d98c8c8434150e2fdb to remote] DEBUG org.asynchttpclient.netty.request.NettyRequestSender - Using open Channel [id: 0xb9dc5b15, L:/127.0.0.1:55014 - R:localhost/127.0.0.1:13956] for GET '/session/2ce9012b4bd209d98c8c8434150e2fdb/screenshot'
02:23:33.167 [AsyncHttpClient-1-1] DEBUG org.asynchttpclient.netty.channel.DefaultChannelPool - Entry count for : http://localhost:55015 : 1
02:23:34.267 [AsyncHttpClient-1-1] DEBUG org.asynchttpclient.netty.channel.DefaultChannelPool - Entry count for : http://localhost:55015 : 1
02:23:34.308 [AsyncHttpClient-1-2] DEBUG org.asynchttpclient.netty.handler.HttpHandler - 

Request DefaultFullHttpRequest(decodeResult: success, version: HTTP/1.1, content: EmptyByteBufBE)
GET /session/2ce9012b4bd209d98c8c8434150e2fdb/screenshot HTTP/1.1
User-Agent: selenium/4.6.0 (java mac)
Cache-Control: no-cache
Content-Type: application/json; charset=utf-8
host: localhost:13956
accept: */*

Response DefaultHttpResponse(decodeResult: success, version: HTTP/1.1)
HTTP/1.1 200 OK
Content-Type: application/json; charset=utf-8
cache-control: no-cache
content-length: 5147256

02:23:34.319 [AsyncHttpClient-1-2] DEBUG org.asynchttpclient.netty.channel.ChannelManager - Adding key: http://localhost:13956 for channel [id: 0xb9dc5b15, L:/127.0.0.1:55014 - R:localhost/127.0.0.1:13956]
02:23:34.470 [main] DEBUG net.serenitybdd.core.photography.Darkroom - Send negative for processing for target/site/serenity/2e9c307dd98b0aed69af0ff9e0e273c292a2dfb042c32443de488257bb2e8453.png
02:23:34.470 [Darkroom Processing Line] DEBUG net.serenitybdd.core.photography.DarkroomProcessingLine - Processing screenshot image in /var/screenshots/screenshot-12989228107405969025
02:23:34.470 [Darkroom Processing Line] DEBUG net.serenitybdd.core.photography.DarkroomProcessingLine - Saving screenshot to target/site/serenity/2e9c307dd98b0aed69af0ff9e0e273c292a2dfb042c32443de488257bb2e8453.png
02:23:34.472 [main] DEBUG net.thucydides.core.steps.StepInterceptor - STEP DONE: openBrowser
  &amp#27;[32mGiven &amp#27;[0m&amp#27;[32mthat a user enters Netflix&amp#27;[0m       &amp#27;[90m# StepsDefinitions.NetflixDefinitions.navigateToNetflix()&amp#27;[0m
02:23:34.491 [main] DEBUG net.thucydides.core.steps.StepInterceptor - STARTING STEP: NetflixDefinitions.validateTittle - getTitle
02:23:34.510 [Forwarding getTitle on session 2ce9012b4bd209d98c8c8434150e2fdb to remote] DEBUG org.asynchttpclient.netty.request.NettyRequestSender - Using pooled Channel '[id: 0xb9dc5b15, L:/127.0.0.1:55014 - R:localhost/127.0.0.1:13956]' for 'GET' to 'http://localhost:13956/session/2ce9012b4bd209d98c8c8434150e2fdb/title'
02:23:34.510 [Forwarding getTitle on session 2ce9012b4bd209d98c8c8434150e2fdb to remote] DEBUG org.asynchttpclient.netty.request.NettyRequestSender - Using open Channel [id: 0xb9dc5b15, L:/127.0.0.1:55014 - R:localhost/127.0.0.1:13956] for GET '/session/2ce9012b4bd209d98c8c8434150e2fdb/title'
02:23:34.513 [AsyncHttpClient-1-2] DEBUG org.asynchttpclient.netty.handler.HttpHandler - 

Request DefaultFullHttpRequest(decodeResult: success, version: HTTP/1.1, content: EmptyByteBufBE)
GET /session/2ce9012b4bd209d98c8c8434150e2fdb/title HTTP/1.1
User-Agent: selenium/4.6.0 (java mac)
Cache-Control: no-cache
Content-Type: application/json; charset=utf-8
host: localhost:13956
accept: */*

Response DefaultHttpResponse(decodeResult: success, version: HTTP/1.1)
HTTP/1.1 200 OK
Content-Type: application/json; charset=utf-8
cache-control: no-cache
content-length: 68

02:23:34.513 [AsyncHttpClient-1-2] DEBUG org.asynchttpclient.netty.channel.ChannelManager - Adding key: http://localhost:13956 for channel [id: 0xb9dc5b15, L:/127.0.0.1:55014 - R:localhost/127.0.0.1:13956]
02:23:34.515 [Forwarding getTitle on session 2ce9012b4bd209d98c8c8434150e2fdb to remote] DEBUG org.asynchttpclient.netty.request.NettyRequestSender - Using pooled Channel '[id: 0xb9dc5b15, L:/127.0.0.1:55014 - R:localhost/127.0.0.1:13956]' for 'GET' to 'http://localhost:13956/session/2ce9012b4bd209d98c8c8434150e2fdb/title'
02:23:34.515 [Forwarding getTitle on session 2ce9012b4bd209d98c8c8434150e2fdb to remote] DEBUG org.asynchttpclient.netty.request.NettyRequestSender - Using open Channel [id: 0xb9dc5b15, L:/127.0.0.1:55014 - R:localhost/127.0.0.1:13956] for GET '/session/2ce9012b4bd209d98c8c8434150e2fdb/title'
02:23:34.517 [AsyncHttpClient-1-2] DEBUG org.asynchttpclient.netty.handler.HttpHandler - 

Request DefaultFullHttpRequest(decodeResult: success, version: HTTP/1.1, content: EmptyByteBufBE)
GET /session/2ce9012b4bd209d98c8c8434150e2fdb/title HTTP/1.1
User-Agent: selenium/4.6.0 (java mac)
Cache-Control: no-cache
Content-Type: application/json; charset=utf-8
host: localhost:13956
accept: */*

Response DefaultHttpResponse(decodeResult: success, version: HTTP/1.1)
HTTP/1.1 200 OK
Content-Type: application/json; charset=utf-8
cache-control: no-cache
content-length: 68

02:23:34.517 [AsyncHttpClient-1-2] DEBUG org.asynchttpclient.netty.channel.ChannelManager - Adding key: http://localhost:13956 for channel [id: 0xb9dc5b15, L:/127.0.0.1:55014 - R:localhost/127.0.0.1:13956]
02:23:34.520 [Forwarding getCurrentWindowHandle on session 2ce9012b4bd209d98c8c8434150e2fdb to remote] DEBUG org.asynchttpclient.netty.request.NettyRequestSender - Using pooled Channel '[id: 0xb9dc5b15, L:/127.0.0.1:55014 - R:localhost/127.0.0.1:13956]' for 'GET' to 'http://localhost:13956/session/2ce9012b4bd209d98c8c8434150e2fdb/window'
02:23:34.520 [Forwarding getCurrentWindowHandle on session 2ce9012b4bd209d98c8c8434150e2fdb to remote] DEBUG org.asynchttpclient.netty.request.NettyRequestSender - Using open Channel [id: 0xb9dc5b15, L:/127.0.0.1:55014 - R:localhost/127.0.0.1:13956] for GET '/session/2ce9012b4bd209d98c8c8434150e2fdb/window'
02:23:34.521 [AsyncHttpClient-1-2] DEBUG org.asynchttpclient.netty.handler.HttpHandler - 

Request DefaultFullHttpRequest(decodeResult: success, version: HTTP/1.1, content: EmptyByteBufBE)
GET /session/2ce9012b4bd209d98c8c8434150e2fdb/window HTTP/1.1
User-Agent: selenium/4.6.0 (java mac)
Cache-Control: no-cache
Content-Type: application/json; charset=utf-8
host: localhost:13956
accept: */*

Response DefaultHttpResponse(decodeResult: success, version: HTTP/1.1)
HTTP/1.1 200 OK
Content-Type: application/json; charset=utf-8
cache-control: no-cache
content-length: 53

02:23:34.521 [AsyncHttpClient-1-2] DEBUG org.asynchttpclient.netty.channel.ChannelManager - Adding key: http://localhost:13956 for channel [id: 0xb9dc5b15, L:/127.0.0.1:55014 - R:localhost/127.0.0.1:13956]
02:23:34.521 [Forwarding getAlertText on session 2ce9012b4bd209d98c8c8434150e2fdb to remote] DEBUG org.asynchttpclient.netty.request.NettyRequestSender - Using pooled Channel '[id: 0xb9dc5b15, L:/127.0.0.1:55014 - R:localhost/127.0.0.1:13956]' for 'GET' to 'http://localhost:13956/session/2ce9012b4bd209d98c8c8434150e2fdb/alert/text'
02:23:34.521 [Forwarding getAlertText on session 2ce9012b4bd209d98c8c8434150e2fdb to remote] DEBUG org.asynchttpclient.netty.request.NettyRequestSender - Using open Channel [id: 0xb9dc5b15, L:/127.0.0.1:55014 - R:localhost/127.0.0.1:13956] for GET '/session/2ce9012b4bd209d98c8c8434150e2fdb/alert/text'
02:23:34.522 [AsyncHttpClient-1-2] DEBUG org.asynchttpclient.netty.handler.HttpHandler - 

Request DefaultFullHttpRequest(decodeResult: success, version: HTTP/1.1, content: EmptyByteBufBE)
GET /session/2ce9012b4bd209d98c8c8434150e2fdb/alert/text HTTP/1.1
User-Agent: selenium/4.6.0 (java mac)
Cache-Control: no-cache
Content-Type: application/json; charset=utf-8
host: localhost:13956
accept: */*

Response DefaultHttpResponse(decodeResult: success, version: HTTP/1.1)
HTTP/1.1 404 Not Found
Content-Type: application/json; charset=utf-8
cache-control: no-cache
content-length: 1434

02:23:34.522 [AsyncHttpClient-1-2] DEBUG org.asynchttpclient.netty.channel.ChannelManager - Adding key: http://localhost:13956 for channel [id: 0xb9dc5b15, L:/127.0.0.1:55014 - R:localhost/127.0.0.1:13956]
02:23:34.524 [Forwarding switchToWindow on session 2ce9012b4bd209d98c8c8434150e2fdb to remote] DEBUG org.asynchttpclient.netty.request.NettyRequestSender - Using pooled Channel '[id: 0xb9dc5b15, L:/127.0.0.1:55014 - R:localhost/127.0.0.1:13956]' for 'POST' to 'http://localhost:13956/session/2ce9012b4bd209d98c8c8434150e2fdb/window'
02:23:34.525 [Forwarding switchToWindow on session 2ce9012b4bd209d98c8c8434150e2fdb to remote] DEBUG org.asynchttpclient.netty.request.NettyRequestSender - Using open Channel [id: 0xb9dc5b15, L:/127.0.0.1:55014 - R:localhost/127.0.0.1:13956] for POST '/session/2ce9012b4bd209d98c8c8434150e2fdb/window'
02:23:34.526 [AsyncHttpClient-1-2] DEBUG org.asynchttpclient.netty.handler.HttpHandler - 

Request DefaultHttpRequest(decodeResult: success, version: HTTP/1.1)
POST /session/2ce9012b4bd209d98c8c8434150e2fdb/window HTTP/1.1
User-Agent: selenium/4.6.0 (java mac)
Content-Length: 59
Content-Type: application/json; charset=utf-8
host: localhost:13956
accept: */*

Response DefaultHttpResponse(decodeResult: success, version: HTTP/1.1)
HTTP/1.1 200 OK
Content-Type: application/json; charset=utf-8
cache-control: no-cache
content-length: 14

02:23:34.526 [AsyncHttpClient-1-2] DEBUG org.asynchttpclient.netty.channel.ChannelManager - Adding key: http://localhost:13956 for channel [id: 0xb9dc5b15, L:/127.0.0.1:55014 - R:localhost/127.0.0.1:13956]
02:23:34.527 [Forwarding getCurrentUrl on session 2ce9012b4bd209d98c8c8434150e2fdb to remote] DEBUG org.asynchttpclient.netty.request.NettyRequestSender - Using pooled Channel '[id: 0xb9dc5b15, L:/127.0.0.1:55014 - R:localhost/127.0.0.1:13956]' for 'GET' to 'http://localhost:13956/session/2ce9012b4bd209d98c8c8434150e2fdb/url'
02:23:34.527 [Forwarding getCurrentUrl on session 2ce9012b4bd209d98c8c8434150e2fdb to remote] DEBUG org.asynchttpclient.netty.request.NettyRequestSender - Using open Channel [id: 0xb9dc5b15, L:/127.0.0.1:55014 - R:localhost/127.0.0.1:13956] for GET '/session/2ce9012b4bd209d98c8c8434150e2fdb/url'
02:23:34.528 [AsyncHttpClient-1-2] DEBUG org.asynchttpclient.netty.handler.HttpHandler - 

Request DefaultFullHttpRequest(decodeResult: success, version: HTTP/1.1, content: EmptyByteBufBE)
GET /session/2ce9012b4bd209d98c8c8434150e2fdb/url HTTP/1.1
User-Agent: selenium/4.6.0 (java mac)
Cache-Control: no-cache
Content-Type: application/json; charset=utf-8
host: localhost:13956
accept: */*

Response DefaultHttpResponse(decodeResult: success, version: HTTP/1.1)
HTTP/1.1 200 OK
Content-Type: application/json; charset=utf-8
cache-control: no-cache
content-length: 39

02:23:34.528 [AsyncHttpClient-1-2] DEBUG org.asynchttpclient.netty.channel.ChannelManager - Adding key: http://localhost:13956 for channel [id: 0xb9dc5b15, L:/127.0.0.1:55014 - R:localhost/127.0.0.1:13956]
02:23:34.529 [Forwarding screenshot on session 2ce9012b4bd209d98c8c8434150e2fdb to remote] DEBUG org.asynchttpclient.netty.request.NettyRequestSender - Using pooled Channel '[id: 0xb9dc5b15, L:/127.0.0.1:55014 - R:localhost/127.0.0.1:13956]' for 'GET' to 'http://localhost:13956/session/2ce9012b4bd209d98c8c8434150e2fdb/screenshot'
02:23:34.529 [Forwarding screenshot on session 2ce9012b4bd209d98c8c8434150e2fdb to remote] DEBUG org.asynchttpclient.netty.request.NettyRequestSender - Using open Channel [id: 0xb9dc5b15, L:/127.0.0.1:55014 - R:localhost/127.0.0.1:13956] for GET '/session/2ce9012b4bd209d98c8c8434150e2fdb/screenshot'
02:23:35.366 [AsyncHttpClient-1-1] DEBUG org.asynchttpclient.netty.channel.DefaultChannelPool - Entry count for : http://localhost:55015 : 1
02:23:36.061 [AsyncHttpClient-1-2] DEBUG org.asynchttpclient.netty.handler.HttpHandler - 

Request DefaultFullHttpRequest(decodeResult: success, version: HTTP/1.1, content: EmptyByteBufBE)
GET /session/2ce9012b4bd209d98c8c8434150e2fdb/screenshot HTTP/1.1
User-Agent: selenium/4.6.0 (java mac)
Cache-Control: no-cache
Content-Type: application/json; charset=utf-8
host: localhost:13956
accept: */*

Response DefaultHttpResponse(decodeResult: success, version: HTTP/1.1)
HTTP/1.1 200 OK
Content-Type: application/json; charset=utf-8
cache-control: no-cache
content-length: 5147256

02:23:36.069 [AsyncHttpClient-1-2] DEBUG org.asynchttpclient.netty.channel.ChannelManager - Adding key: http://localhost:13956 for channel [id: 0xb9dc5b15, L:/127.0.0.1:55014 - R:localhost/127.0.0.1:13956]
02:23:36.168 [main] DEBUG net.serenitybdd.core.photography.Darkroom - Send negative for processing for target/site/serenity/2e9c307dd98b0aed69af0ff9e0e273c292a2dfb042c32443de488257bb2e8453.png
02:23:36.169 [main] DEBUG net.thucydides.core.steps.StepInterceptor - STEP DONE: getTitle
  &amp#27;[32mWhen &amp#27;[0m&amp#27;[32mthe user validates the page title&amp#27;[0m &amp#27;[90m# StepsDefinitions.NetflixDefinitions.validateTittle()&amp#27;[0m
02:23:36.174 [main] DEBUG net.thucydides.core.steps.StepInterceptor - STARTING STEP: NetflixDefinitions.validateCurrentURL - getCurrentUrl
02:23:36.176 [Forwarding setTimeout on session 2ce9012b4bd209d98c8c8434150e2fdb to remote] DEBUG org.asynchttpclient.netty.request.NettyRequestSender - Using pooled Channel '[id: 0xb9dc5b15, L:/127.0.0.1:55014 - R:localhost/127.0.0.1:13956]' for 'POST' to 'http://localhost:13956/session/2ce9012b4bd209d98c8c8434150e2fdb/timeouts'
02:23:36.176 [Forwarding setTimeout on session 2ce9012b4bd209d98c8c8434150e2fdb to remote] DEBUG org.asynchttpclient.netty.request.NettyRequestSender - Using open Channel [id: 0xb9dc5b15, L:/127.0.0.1:55014 - R:localhost/127.0.0.1:13956] for POST '/session/2ce9012b4bd209d98c8c8434150e2fdb/timeouts'
02:23:36.177 [AsyncHttpClient-1-2] DEBUG org.asynchttpclient.netty.handler.HttpHandler - 

Request DefaultHttpRequest(decodeResult: success, version: HTTP/1.1)
POST /session/2ce9012b4bd209d98c8c8434150e2fdb/timeouts HTTP/1.1
User-Agent: selenium/4.6.0 (java mac)
Content-Length: 22
Content-Type: application/json; charset=utf-8
host: localhost:13956
accept: */*

Response DefaultHttpResponse(decodeResult: success, version: HTTP/1.1)
HTTP/1.1 200 OK
Content-Type: application/json; charset=utf-8
cache-control: no-cache
content-length: 14

02:23:36.177 [AsyncHttpClient-1-2] DEBUG org.asynchttpclient.netty.channel.ChannelManager - Adding key: http://localhost:13956 for channel [id: 0xb9dc5b15, L:/127.0.0.1:55014 - R:localhost/127.0.0.1:13956]
02:23:36.178 [Forwarding getCurrentUrl on session 2ce9012b4bd209d98c8c8434150e2fdb to remote] DEBUG org.asynchttpclient.netty.request.NettyRequestSender - Using pooled Channel '[id: 0xb9dc5b15, L:/127.0.0.1:55014 - R:localhost/127.0.0.1:13956]' for 'GET' to 'http://localhost:13956/session/2ce9012b4bd209d98c8c8434150e2fdb/url'
02:23:36.178 [Forwarding getCurrentUrl on session 2ce9012b4bd209d98c8c8434150e2fdb to remote] DEBUG org.asynchttpclient.netty.request.NettyRequestSender - Using open Channel [id: 0xb9dc5b15, L:/127.0.0.1:55014 - R:localhost/127.0.0.1:13956] for GET '/session/2ce9012b4bd209d98c8c8434150e2fdb/url'
02:23:36.180 [AsyncHttpClient-1-2] DEBUG org.asynchttpclient.netty.handler.HttpHandler - 

Request DefaultFullHttpRequest(decodeResult: success, version: HTTP/1.1, content: EmptyByteBufBE)
GET /session/2ce9012b4bd209d98c8c8434150e2fdb/url HTTP/1.1
User-Agent: selenium/4.6.0 (java mac)
Cache-Control: no-cache
Content-Type: application/json; charset=utf-8
host: localhost:13956
accept: */*

Response DefaultHttpResponse(decodeResult: success, version: HTTP/1.1)
HTTP/1.1 200 OK
Content-Type: application/json; charset=utf-8
cache-control: no-cache
content-length: 39

02:23:36.180 [AsyncHttpClient-1-2] DEBUG org.asynchttpclient.netty.channel.ChannelManager - Adding key: http://localhost:13956 for channel [id: 0xb9dc5b15, L:/127.0.0.1:55014 - R:localhost/127.0.0.1:13956]
02:23:36.182 [main] DEBUG net.thucydides.core.steps.StepInterceptor - STEP DONE: getCurrentUrl
02:23:36.183 [main] DEBUG net.thucydides.core.steps.StepInterceptor - STARTING STEP: NetflixDefinitions.validateCurrentURL - verifyUrlCurrent
02:23:36.184 [Forwarding setTimeout on session 2ce9012b4bd209d98c8c8434150e2fdb to remote] DEBUG org.asynchttpclient.netty.request.NettyRequestSender - Using pooled Channel '[id: 0xb9dc5b15, L:/127.0.0.1:55014 - R:localhost/127.0.0.1:13956]' for 'POST' to 'http://localhost:13956/session/2ce9012b4bd209d98c8c8434150e2fdb/timeouts'
02:23:36.184 [Forwarding setTimeout on session 2ce9012b4bd209d98c8c8434150e2fdb to remote] DEBUG org.asynchttpclient.netty.request.NettyRequestSender - Using open Channel [id: 0xb9dc5b15, L:/127.0.0.1:55014 - R:localhost/127.0.0.1:13956] for POST '/session/2ce9012b4bd209d98c8c8434150e2fdb/timeouts'
02:23:36.185 [AsyncHttpClient-1-2] DEBUG org.asynchttpclient.netty.handler.HttpHandler - 

Request DefaultHttpRequest(decodeResult: success, version: HTTP/1.1)
POST /session/2ce9012b4bd209d98c8c8434150e2fdb/timeouts HTTP/1.1
User-Agent: selenium/4.6.0 (java mac)
Content-Length: 22
Content-Type: application/json; charset=utf-8
host: localhost:13956
accept: */*

Response DefaultHttpResponse(decodeResult: success, version: HTTP/1.1)
HTTP/1.1 200 OK
Content-Type: application/json; charset=utf-8
cache-control: no-cache
content-length: 14

02:23:36.185 [AsyncHttpClient-1-2] DEBUG org.asynchttpclient.netty.channel.ChannelManager - Adding key: http://localhost:13956 for channel [id: 0xb9dc5b15, L:/127.0.0.1:55014 - R:localhost/127.0.0.1:13956]
02:23:36.186 [Forwarding getCurrentUrl on session 2ce9012b4bd209d98c8c8434150e2fdb to remote] DEBUG org.asynchttpclient.netty.request.NettyRequestSender - Using pooled Channel '[id: 0xb9dc5b15, L:/127.0.0.1:55014 - R:localhost/127.0.0.1:13956]' for 'GET' to 'http://localhost:13956/session/2ce9012b4bd209d98c8c8434150e2fdb/url'
02:23:36.186 [Forwarding getCurrentUrl on session 2ce9012b4bd209d98c8c8434150e2fdb to remote] DEBUG org.asynchttpclient.netty.request.NettyRequestSender - Using open Channel [id: 0xb9dc5b15, L:/127.0.0.1:55014 - R:localhost/127.0.0.1:13956] for GET '/session/2ce9012b4bd209d98c8c8434150e2fdb/url'
02:23:36.188 [AsyncHttpClient-1-2] DEBUG org.asynchttpclient.netty.handler.HttpHandler - 

Request DefaultFullHttpRequest(decodeResult: success, version: HTTP/1.1, content: EmptyByteBufBE)
GET /session/2ce9012b4bd209d98c8c8434150e2fdb/url HTTP/1.1
User-Agent: selenium/4.6.0 (java mac)
Cache-Control: no-cache
Content-Type: application/json; charset=utf-8
host: localhost:13956
accept: */*

Response DefaultHttpResponse(decodeResult: success, version: HTTP/1.1)
HTTP/1.1 200 OK
Content-Type: application/json; charset=utf-8
cache-control: no-cache
content-length: 39

02:23:36.188 [AsyncHttpClient-1-2] DEBUG org.asynchttpclient.netty.channel.ChannelManager - Adding key: http://localhost:13956 for channel [id: 0xb9dc5b15, L:/127.0.0.1:55014 - R:localhost/127.0.0.1:13956]
02:23:36.190 [main] DEBUG net.thucydides.core.steps.StepInterceptor - STEP DONE: verifyUrlCurrent
  &amp#27;[32mThen &amp#27;[0m&amp#27;[32mthe system must be on netflix&amp#27;[0m     &amp#27;[90m# StepsDefinitions.NetflixDefinitions.validateCurrentURL()&amp#27;[0m
02:23:36.193 [main] INFO  - 
  _____   ___   ___   _____     ___     _     ___   ___   ___   ___  
 |_   _| | __| / __| |_   _|   | _ \   /_\   / __| / __| | __| |   \ 
   | |   | _|  \__ \   | |     |  _/  / _ \  \__ \ \__ \ | _|  | |) |
   |_|   |___| |___/   |_|     |_|   /_/ \_\ |___/ |___/ |___| |___/ 

Validate netflix
----------------------------------------------------------------------
02:23:36.228 [Driver Command Executor] DEBUG org.asynchttpclient.netty.request.NettyRequestSender - Using pooled Channel '[id: 0xb9dc5b15, L:/127.0.0.1:55014 - R:localhost/127.0.0.1:13956]' for 'DELETE' to 'http://localhost:13956/session/2ce9012b4bd209d98c8c8434150e2fdb'
02:23:36.228 [Driver Command Executor] DEBUG org.asynchttpclient.netty.request.NettyRequestSender - Using open Channel [id: 0xb9dc5b15, L:/127.0.0.1:55014 - R:localhost/127.0.0.1:13956] for DELETE '/session/2ce9012b4bd209d98c8c8434150e2fdb'
02:23:36.232 [AsyncHttpClient-1-4] DEBUG org.asynchttpclient.netty.handler.WebSocketHandler - Channel Closed: [id: 0x5552a969, L:/127.0.0.1:55021 ! R:localhost/127.0.0.1:55015] with attribute NettyResponseFuture{currentRetry=0,
	isDone=1,
	isCancelled=0,
	asyncHandler=org.asynchttpclient.ws.WebSocketUpgradeHandler@1d895a9e,
	nettyRequest=org.asynchttpclient.netty.request.NettyRequest@7d2d7c02,
	future=java.util.concurrent.CompletableFuture@608f38c3[Completed normally],
	uri=ws://localhost:55015/devtools/browser/ef3f99b8-bbae-4b3f-a531-47a58d729bec,
	keepAlive=true,
	redirectCount=0,
	timeoutsHolder=null,
	inAuth=0,
	touch=1669879410048}
02:23:36.234 [AsyncHttpClient-1-4] DEBUG org.asynchttpclient.netty.channel.ChannelManager - Closing Channel [id: 0x5552a969, L:/127.0.0.1:55021 ! R:localhost/127.0.0.1:55015] 
02:23:36.237 [AsyncHttpClient-1-3] DEBUG org.asynchttpclient.netty.handler.HttpHandler - Channel Closed: [id: 0xd7b4819f, L:/127.0.0.1:55020 ! R:localhost/127.0.0.1:55015] with attribute DISCARD
02:23:36.279 [AsyncHttpClient-1-2] DEBUG org.asynchttpclient.netty.handler.HttpHandler - 

Request DefaultFullHttpRequest(decodeResult: success, version: HTTP/1.1, content: EmptyByteBufBE)
DELETE /session/2ce9012b4bd209d98c8c8434150e2fdb HTTP/1.1
User-Agent: selenium/4.6.0 (java mac)
Content-Type: application/json; charset=utf-8
host: localhost:13956
accept: */*

Response DefaultHttpResponse(decodeResult: success, version: HTTP/1.1)
HTTP/1.1 200 OK
Content-Type: application/json; charset=utf-8
cache-control: no-cache
content-length: 14

02:23:36.279 [AsyncHttpClient-1-2] DEBUG org.asynchttpclient.netty.channel.ChannelManager - Adding key: http://localhost:13956 for channel [id: 0xb9dc5b15, L:/127.0.0.1:55014 - R:localhost/127.0.0.1:13956]
02:23:36.288 [AsyncHttpClient-1-2] DEBUG org.asynchttpclient.netty.handler.HttpHandler - Channel Closed: [id: 0xb9dc5b15, L:/127.0.0.1:55014 ! R:localhost/127.0.0.1:13956] with attribute DISCARD
]]></system-out>
    <system-err><![CDATA[Starting ChromeDriver 104.0.5112.79 (3cf3e8c8a07d104b9e1260c910efb8f383285dc5-refs/branch-heads/5112@{#1307}) on port 13956
Only local connections are allowed.
Please see https://chromedriver.chromium.org/security-considerations for suggestions on keeping ChromeDriver safe.
ChromeDriver was started successfully.
[1669879409.934][WARNING]: This version of ChromeDriver has not been tested with Chrome version 105.
]]></system-err>
  </testcase>
</testsuite>